# JRE version: OpenJDK Runtime Environment Temurin-17.0.1+12 (17.0.1+12) (build 17.0.1+12)
# Java VM: OpenJDK 64-Bit Server VM Temurin-17.0.1+12 (17.0.1+12, mixed mode, tiered, compressed oops, compressed class ptrs, parallel gc, windows-amd64)
GC Precious Log:
 CPUs: 12 total, 12 available
 Memory: 16251M
 Large Page Support: Disabled
 NUMA Support: Disabled
 Compressed Oops: Enabled (32-bit)
 Alignments: Space 512K, Generation 512K, Heap 2M
 Heap Min Capacity: 100M
 Heap Initial Capacity: 100M
 Heap Max Capacity: 1G
 Pre-touch: Disabled
 Parallel Workers: 10
Heap:
 PSYoungGen      total 3072K, used 1006K [0x00000000eab00000, 0x00000000eb600000, 0x0000000100000000)
  eden space 2048K, 0% used [0x00000000eab00000,0x00000000eab00000,0x00000000ead00000)
  from space 1024K, 98% used [0x00000000eb100000,0x00000000eb1fbb30,0x00000000eb200000)
  to   space 4096K, 0% used [0x00000000ead00000,0x00000000ead00000,0x00000000eb100000)
 ParOldGen       total 262144K, used 261862K [0x00000000c0000000, 0x00000000d0000000, 0x00000000eab00000)
  object space 262144K, 99% used [0x00000000c0000000,0x00000000cffb9848,0x00000000d0000000)
 Metaspace       used 77281K, committed 78144K, reserved 1122304K
  class space    used 7741K, committed 8128K, reserved 1048576K
GC Heap History (20 events):
Event: 67420.889 GC heap after
{Heap after GC invocations=2439 (full 49):
 PSYoungGen      total 2048K, used 384K [0x00000000eab00000, 0x00000000eaf00000, 0x0000000100000000)
  eden space 1024K, 0% used [0x00000000eab00000,0x00000000eab00000,0x00000000eac00000)
  from space 1024K, 37% used [0x00000000ead00000,0x00000000ead60000,0x00000000eae00000)
  to   space 512K, 0% used [0x00000000eae80000,0x00000000eae80000,0x00000000eaf00000)
 ParOldGen       total 261120K, used 250791K [0x00000000c0000000, 0x00000000cff00000, 0x00000000eab00000)
  object space 261120K, 96% used [0x00000000c0000000,0x00000000cf4e9e88,0x00000000cff00000)
 Metaspace       used 77276K, committed 78144K, reserved 1122304K
  class space    used 7741K, committed 8128K, reserved 1048576K
}
Event: 67421.020 GC heap before
{Heap before GC invocations=2440 (full 49):
 PSYoungGen      total 2048K, used 1408K [0x00000000eab00000, 0x00000000eaf00000, 0x0000000100000000)
  eden space 1024K, 100% used [0x00000000eab00000,0x00000000eac00000,0x00000000eac00000)
  from space 1024K, 37% used [0x00000000ead00000,0x00000000ead60000,0x00000000eae00000)
  to   space 512K, 0% used [0x00000000eae80000,0x00000000eae80000,0x00000000eaf00000)
 ParOldGen       total 261120K, used 250791K [0x00000000c0000000, 0x00000000cff00000, 0x00000000eab00000)
  object space 261120K, 96% used [0x00000000c0000000,0x00000000cf4e9e88,0x00000000cff00000)
 Metaspace       used 77276K, committed 78144K, reserved 1122304K
  class space    used 7741K, committed 8128K, reserved 1048576K
}
Event: 67421.021 GC heap after
{Heap after GC invocations=2440 (full 49):
 PSYoungGen      total 1536K, used 503K [0x00000000eab00000, 0x00000000eaf00000, 0x0000000100000000)
  eden space 1024K, 0% used [0x00000000eab00000,0x00000000eab00000,0x00000000eac00000)
  from space 512K, 98% used [0x00000000eae80000,0x00000000eaefdd98,0x00000000eaf00000)
  to   space 1024K, 0% used [0x00000000ead00000,0x00000000ead00000,0x00000000eae00000)
 ParOldGen       total 261120K, used 251228K [0x00000000c0000000, 0x00000000cff00000, 0x00000000eab00000)
  object space 261120K, 96% used [0x00000000c0000000,0x00000000cf5570a0,0x00000000cff00000)
 Metaspace       used 77276K, committed 78144K, reserved 1122304K
  class space    used 7741K, committed 8128K, reserved 1048576K
}
Event: 67421.023 GC heap before
{Heap before GC invocations=2441 (full 49):
 PSYoungGen      total 1536K, used 1527K [0x00000000eab00000, 0x00000000eaf00000, 0x0000000100000000)
  eden space 1024K, 100% used [0x00000000eab00000,0x00000000eac00000,0x00000000eac00000)
  from space 512K, 98% used [0x00000000eae80000,0x00000000eaefdd98,0x00000000eaf00000)
  to   space 1024K, 0% used [0x00000000ead00000,0x00000000ead00000,0x00000000eae00000)
 ParOldGen       total 261120K, used 251228K [0x00000000c0000000, 0x00000000cff00000, 0x00000000eab00000)
  object space 261120K, 96% used [0x00000000c0000000,0x00000000cf5570a0,0x00000000cff00000)
 Metaspace       used 77276K, committed 78144K, reserved 1122304K
  class space    used 7741K, committed 8128K, reserved 1048576K
}
Event: 67421.024 GC heap after
{Heap after GC invocations=2441 (full 49):
 PSYoungGen      total 2048K, used 1024K [0x00000000eab00000, 0x00000000eb000000, 0x0000000100000000)
  eden space 1024K, 0% used [0x00000000eab00000,0x00000000eab00000,0x00000000eac00000)
  from space 1024K, 100% used [0x00000000ead00000,0x00000000eae00000,0x00000000eae00000)
  to   space 2048K, 0% used [0x00000000eae00000,0x00000000eae00000,0x00000000eb000000)
 ParOldGen       total 261120K, used 251594K [0x00000000c0000000, 0x00000000cff00000, 0x00000000eab00000)
  object space 261120K, 96% used [0x00000000c0000000,0x00000000cf5b2878,0x00000000cff00000)
 Metaspace       used 77276K, committed 78144K, reserved 1122304K
  class space    used 7741K, committed 8128K, reserved 1048576K
}
Event: 67421.026 GC heap before
{Heap before GC invocations=2442 (full 49):
 PSYoungGen      total 2048K, used 2048K [0x00000000eab00000, 0x00000000eb000000, 0x0000000100000000)
  eden space 1024K, 100% used [0x00000000eab00000,0x00000000eac00000,0x00000000eac00000)
  from space 1024K, 100% used [0x00000000ead00000,0x00000000eae00000,0x00000000eae00000)
  to   space 2048K, 0% used [0x00000000eae00000,0x00000000eae00000,0x00000000eb000000)
 ParOldGen       total 261120K, used 251594K [0x00000000c0000000, 0x00000000cff00000, 0x00000000eab00000)
  object space 261120K, 96% used [0x00000000c0000000,0x00000000cf5b2878,0x00000000cff00000)
 Metaspace       used 77276K, committed 78144K, reserved 1122304K
  class space    used 7741K, committed 8128K, reserved 1048576K
}
Event: 67421.028 GC heap after
{Heap after GC invocations=2442 (full 49):
 PSYoungGen      total 3072K, used 1152K [0x00000000eab00000, 0x00000000eaf80000, 0x0000000100000000)
  eden space 1536K, 0% used [0x00000000eab00000,0x00000000eab00000,0x00000000eac80000)
  from space 1536K, 75% used [0x00000000eae00000,0x00000000eaf20000,0x00000000eaf80000)
  to   space 1536K, 0% used [0x00000000eac80000,0x00000000eac80000,0x00000000eae00000)
 ParOldGen       total 261120K, used 252594K [0x00000000c0000000, 0x00000000cff00000, 0x00000000eab00000)
  object space 261120K, 96% used [0x00000000c0000000,0x00000000cf6ac878,0x00000000cff00000)
 Metaspace       used 77276K, committed 78144K, reserved 1122304K
  class space    used 7741K, committed 8128K, reserved 1048576K
}
Event: 67421.030 GC heap before
{Heap before GC invocations=2443 (full 49):
 PSYoungGen      total 3072K, used 2688K [0x00000000eab00000, 0x00000000eaf80000, 0x0000000100000000)
  eden space 1536K, 100% used [0x00000000eab00000,0x00000000eac80000,0x00000000eac80000)
  from space 1536K, 75% used [0x00000000eae00000,0x00000000eaf20000,0x00000000eaf80000)
  to   space 1536K, 0% used [0x00000000eac80000,0x00000000eac80000,0x00000000eae00000)
 ParOldGen       total 261120K, used 252594K [0x00000000c0000000, 0x00000000cff00000, 0x00000000eab00000)
  object space 261120K, 96% used [0x00000000c0000000,0x00000000cf6ac878,0x00000000cff00000)
 Metaspace       used 77276K, committed 78144K, reserved 1122304K
  class space    used 7741K, committed 8128K, reserved 1048576K
}
Event: 67421.032 GC heap after
{Heap after GC invocations=2443 (full 49):
 PSYoungGen      total 3072K, used 1536K [0x00000000eab00000, 0x00000000eb300000, 0x0000000100000000)
  eden space 1536K, 0% used [0x00000000eab00000,0x00000000eab00000,0x00000000eac80000)
  from space 1536K, 100% used [0x00000000eac80000,0x00000000eae00000,0x00000000eae00000)
  to   space 3072K, 0% used [0x00000000eb000000,0x00000000eb000000,0x00000000eb300000)
 ParOldGen       total 261120K, used 253658K [0x00000000c0000000, 0x00000000cff00000, 0x00000000eab00000)
  object space 261120K, 97% used [0x00000000c0000000,0x00000000cf7b6878,0x00000000cff00000)
 Metaspace       used 77276K, committed 78144K, reserved 1122304K
  class space    used 7741K, committed 8128K, reserved 1048576K
}
Event: 67421.036 GC heap before
{Heap before GC invocations=2444 (full 49):
 PSYoungGen      total 3072K, used 3072K [0x00000000eab00000, 0x00000000eb300000, 0x0000000100000000)
  eden space 1536K, 100% used [0x00000000eab00000,0x00000000eac80000,0x00000000eac80000)
  from space 1536K, 100% used [0x00000000eac80000,0x00000000eae00000,0x00000000eae00000)
  to   space 3072K, 0% used [0x00000000eb000000,0x00000000eb000000,0x00000000eb300000)
 ParOldGen       total 261120K, used 253658K [0x00000000c0000000, 0x00000000cff00000, 0x00000000eab00000)
  object space 261120K, 97% used [0x00000000c0000000,0x00000000cf7b6878,0x00000000cff00000)
 Metaspace       used 77276K, committed 78144K, reserved 1122304K
  class space    used 7741K, committed 8128K, reserved 1048576K
}
Event: 67421.037 GC heap after
{Heap after GC invocations=2444 (full 49):
 PSYoungGen      total 3584K, used 1518K [0x00000000eab00000, 0x00000000eb180000, 0x0000000100000000)
  eden space 2048K, 0% used [0x00000000eab00000,0x00000000eab00000,0x00000000ead00000)
  from space 1536K, 98% used [0x00000000eb000000,0x00000000eb17bb30,0x00000000eb180000)
  to   space 2048K, 0% used [0x00000000ead80000,0x00000000ead80000,0x00000000eaf80000)
 ParOldGen       total 261120K, used 255162K [0x00000000c0000000, 0x00000000cff00000, 0x00000000eab00000)
  object space 261120K, 97% used [0x00000000c0000000,0x00000000cf92e878,0x00000000cff00000)
 Metaspace       used 77276K, committed 78144K, reserved 1122304K
  class space    used 7741K, committed 8128K, reserved 1048576K
}
Event: 67421.040 GC heap before
{Heap before GC invocations=2445 (full 49):
 PSYoungGen      total 3584K, used 3566K [0x00000000eab00000, 0x00000000eb180000, 0x0000000100000000)
  eden space 2048K, 100% used [0x00000000eab00000,0x00000000ead00000,0x00000000ead00000)
  from space 1536K, 98% used [0x00000000eb000000,0x00000000eb17bb30,0x00000000eb180000)
  to   space 2048K, 0% used [0x00000000ead80000,0x00000000ead80000,0x00000000eaf80000)
 ParOldGen       total 261120K, used 255162K [0x00000000c0000000, 0x00000000cff00000, 0x00000000eab00000)
  object space 261120K, 97% used [0x00000000c0000000,0x00000000cf92e878,0x00000000cff00000)
 Metaspace       used 77276K, committed 78144K, reserved 1122304K
  class space    used 7741K, committed 8128K, reserved 1048576K
}
Event: 67421.042 GC heap after
{Heap after GC invocations=2445 (full 49):
 PSYoungGen      total 4608K, used 2048K [0x00000000eab00000, 0x00000000eb580000, 0x0000000100000000)
  eden space 2560K, 0% used [0x00000000eab00000,0x00000000eab00000,0x00000000ead80000)
  from space 2048K, 100% used [0x00000000ead80000,0x00000000eaf80000,0x00000000eaf80000)
  to   space 4096K, 0% used [0x00000000eb180000,0x00000000eb180000,0x00000000eb580000)
 ParOldGen       total 261120K, used 256632K [0x00000000c0000000, 0x00000000cff00000, 0x00000000eab00000)
  object space 261120K, 98% used [0x00000000c0000000,0x00000000cfa9e3a8,0x00000000cff00000)
 Metaspace       used 77276K, committed 78144K, reserved 1122304K
  class space    used 7741K, committed 8128K, reserved 1048576K
}
Event: 67421.235 GC heap before
{Heap before GC invocations=2446 (full 49):
 PSYoungGen      total 4608K, used 4607K [0x00000000eab00000, 0x00000000eb580000, 0x0000000100000000)
  eden space 2560K, 99% used [0x00000000eab00000,0x00000000ead7fff8,0x00000000ead80000)
  from space 2048K, 100% used [0x00000000ead80000,0x00000000eaf80000,0x00000000eaf80000)
  to   space 4096K, 0% used [0x00000000eb180000,0x00000000eb180000,0x00000000eb580000)
 ParOldGen       total 261120K, used 256632K [0x00000000c0000000, 0x00000000cff00000, 0x00000000eab00000)
  object space 261120K, 98% used [0x00000000c0000000,0x00000000cfa9e3a8,0x00000000cff00000)
 Metaspace       used 77276K, committed 78144K, reserved 1122304K
  class space    used 7741K, committed 8128K, reserved 1048576K
}
Event: 67421.238 GC heap after
{Heap after GC invocations=2446 (full 49):
 PSYoungGen      total 4608K, used 1328K [0x00000000eab00000, 0x00000000eb300000, 0x0000000100000000)
  eden space 3072K, 0% used [0x00000000eab00000,0x00000000eab00000,0x00000000eae00000)
  from space 1536K, 86% used [0x00000000eb180000,0x00000000eb2cc010,0x00000000eb300000)
  to   space 2560K, 0% used [0x00000000eae00000,0x00000000eae00000,0x00000000eb080000)
 ParOldGen       total 261120K, used 258640K [0x00000000c0000000, 0x00000000cff00000, 0x00000000eab00000)
  object space 261120K, 99% used [0x00000000c0000000,0x00000000cfc943a8,0x00000000cff00000)
 Metaspace       used 77276K, committed 78144K, reserved 1122304K
  class space    used 7741K, committed 8128K, reserved 1048576K
}
Event: 67421.614 GC heap before
{Heap before GC invocations=2447 (full 49):
 PSYoungGen      total 4608K, used 4400K [0x00000000eab00000, 0x00000000eb300000, 0x0000000100000000)
  eden space 3072K, 100% used [0x00000000eab00000,0x00000000eae00000,0x00000000eae00000)
  from space 1536K, 86% used [0x00000000eb180000,0x00000000eb2cc010,0x00000000eb300000)
  to   space 2560K, 0% used [0x00000000eae00000,0x00000000eae00000,0x00000000eb080000)
 ParOldGen       total 261120K, used 258640K [0x00000000c0000000, 0x00000000cff00000, 0x00000000eab00000)
  object space 261120K, 99% used [0x00000000c0000000,0x00000000cfc943a8,0x00000000cff00000)
 Metaspace       used 77281K, committed 78144K, reserved 1122304K
  class space    used 7741K, committed 8128K, reserved 1048576K
}
Event: 67421.615 GC heap after
{Heap after GC invocations=2447 (full 49):
 PSYoungGen      total 5632K, used 432K [0x00000000eab00000, 0x00000000eb200000, 0x0000000100000000)
  eden space 3072K, 0% used [0x00000000eab00000,0x00000000eab00000,0x00000000eae00000)
  from space 2560K, 16% used [0x00000000eae00000,0x00000000eae6c010,0x00000000eb080000)
  to   space 1024K, 0% used [0x00000000eb100000,0x00000000eb100000,0x00000000eb200000)
 ParOldGen       total 261120K, used 259560K [0x00000000c0000000, 0x00000000cff00000, 0x00000000eab00000)
  object space 261120K, 99% used [0x00000000c0000000,0x00000000cfd7a3a8,0x00000000cff00000)
 Metaspace       used 77281K, committed 78144K, reserved 1122304K
  class space    used 7741K, committed 8128K, reserved 1048576K
}
Event: 67421.619 GC heap before
{Heap before GC invocations=2448 (full 49):
 PSYoungGen      total 5632K, used 3504K [0x00000000eab00000, 0x00000000eb200000, 0x0000000100000000)
  eden space 3072K, 100% used [0x00000000eab00000,0x00000000eae00000,0x00000000eae00000)
  from space 2560K, 16% used [0x00000000eae00000,0x00000000eae6c010,0x00000000eb080000)
  to   space 1024K, 0% used [0x00000000eb100000,0x00000000eb100000,0x00000000eb200000)
 ParOldGen       total 261120K, used 259560K [0x00000000c0000000, 0x00000000cff00000, 0x00000000eab00000)
  object space 261120K, 99% used [0x00000000c0000000,0x00000000cfd7a3a8,0x00000000cff00000)
 Metaspace       used 77281K, committed 78144K, reserved 1122304K
  class space    used 7741K, committed 8128K, reserved 1048576K
}
Event: 67421.621 GC heap after
{Heap after GC invocations=2448 (full 49):
 PSYoungGen      total 3072K, used 1006K [0x00000000eab00000, 0x00000000eb600000, 0x0000000100000000)
  eden space 2048K, 0% used [0x00000000eab00000,0x00000000eab00000,0x00000000ead00000)
  from space 1024K, 98% used [0x00000000eb100000,0x00000000eb1fbb30,0x00000000eb200000)
  to   space 4096K, 0% used [0x00000000ead00000,0x00000000ead00000,0x00000000eb100000)
 ParOldGen       total 262144K, used 261862K [0x00000000c0000000, 0x00000000d0000000, 0x00000000eab00000)
  object space 262144K, 99% used [0x00000000c0000000,0x00000000cffb9848,0x00000000d0000000)
 Metaspace       used 77281K, committed 78144K, reserved 1122304K
  class space    used 7741K, committed 8128K, reserved 1048576K
}
Event: 67421.621 GC heap before
{Heap before GC invocations=2449 (full 50):
 PSYoungGen      total 3072K, used 1006K [0x00000000eab00000, 0x00000000eb600000, 0x0000000100000000)
  eden space 2048K, 0% used [0x00000000eab00000,0x00000000eab00000,0x00000000ead00000)
  from space 1024K, 98% used [0x00000000eb100000,0x00000000eb1fbb30,0x00000000eb200000)
  to   space 4096K, 0% used [0x00000000ead00000,0x00000000ead00000,0x00000000eb100000)
 ParOldGen       total 262144K, used 261862K [0x00000000c0000000, 0x00000000d0000000, 0x00000000eab00000)
  object space 262144K, 99% used [0x00000000c0000000,0x00000000cffb9848,0x00000000d0000000)
 Metaspace       used 77281K, committed 78144K, reserved 1122304K
  class space    used 7741K, committed 8128K, reserved 1048576K
}

