# JRE version: OpenJDK Runtime Environment Temurin-17.0.1+12 (17.0.1+12) (build 17.0.1+12)
# Java VM: OpenJDK 64-Bit Server VM Temurin-17.0.1+12 (17.0.1+12, mixed mode, tiered, compressed oops, compressed class ptrs, parallel gc, linux-amd64)
GC Precious Log:
 CPUs: 12 total, 12 available
 Memory: 15868M
 Large Page Support: Disabled
 NUMA Support: Disabled
 Compressed Oops: Enabled (32-bit)
 Alignments: Space 512K, Generation 512K, Heap 2M
 Heap Min Capacity: 100M
 Heap Initial Capacity: 100M
 Heap Max Capacity: 1G
 Pre-touch: Disabled
 Parallel Workers: 10
Heap:
 PSYoungGen      total 2560K, used 1536K [0x00000000eab00000, 0x00000000eb700000, 0x0000000100000000)
  eden space 1024K, 0% used [0x00000000eab00000,0x00000000eab00000,0x00000000eac00000)
  from space 1536K, 100% used [0x00000000eb080000,0x00000000eb200000,0x00000000eb200000)
  to   space 4608K, 0% used [0x00000000eac00000,0x00000000eac00000,0x00000000eb080000)
 ParOldGen       total 114176K, used 114021K [0x00000000c0000000, 0x00000000c6f80000, 0x00000000eab00000)
  object space 114176K, 99% used [0x00000000c0000000,0x00000000c6f595b8,0x00000000c6f80000)
 Metaspace       used 73207K, committed 74176K, reserved 1122304K
  class space    used 7518K, committed 7936K, reserved 1048576K
GC Heap History (20 events):
Event: 2924.929 GC heap after
{Heap after GC invocations=989 (full 17):
 PSYoungGen      total 3584K, used 503K [0x00000000eab00000, 0x00000000eb280000, 0x0000000100000000)
  eden space 3072K, 0% used [0x00000000eab00000,0x00000000eab00000,0x00000000eae00000)
  from space 512K, 98% used [0x00000000eb180000,0x00000000eb1fdee8,0x00000000eb200000)
  to   space 512K, 0% used [0x00000000eb200000,0x00000000eb200000,0x00000000eb280000)
 ParOldGen       total 113152K, used 101578K [0x00000000c0000000, 0x00000000c6e80000, 0x00000000eab00000)
  object space 113152K, 89% used [0x00000000c0000000,0x00000000c6332a70,0x00000000c6e80000)
 Metaspace       used 73199K, committed 74176K, reserved 1122304K
  class space    used 7518K, committed 7936K, reserved 1048576K
}
Event: 2924.935 GC heap before
{Heap before GC invocations=990 (full 17):
 PSYoungGen      total 3584K, used 3575K [0x00000000eab00000, 0x00000000eb280000, 0x0000000100000000)
  eden space 3072K, 100% used [0x00000000eab00000,0x00000000eae00000,0x00000000eae00000)
  from space 512K, 98% used [0x00000000eb180000,0x00000000eb1fdee8,0x00000000eb200000)
  to   space 512K, 0% used [0x00000000eb200000,0x00000000eb200000,0x00000000eb280000)
 ParOldGen       total 113152K, used 101578K [0x00000000c0000000, 0x00000000c6e80000, 0x00000000eab00000)
  object space 113152K, 89% used [0x00000000c0000000,0x00000000c6332a70,0x00000000c6e80000)
 Metaspace       used 73199K, committed 74176K, reserved 1122304K
  class space    used 7518K, committed 7936K, reserved 1048576K
}
Event: 2924.938 GC heap after
{Heap after GC invocations=990 (full 17):
 PSYoungGen      total 3584K, used 512K [0x00000000eab00000, 0x00000000eb600000, 0x0000000100000000)
  eden space 3072K, 0% used [0x00000000eab00000,0x00000000eab00000,0x00000000eae00000)
  from space 512K, 100% used [0x00000000eb200000,0x00000000eb280000,0x00000000eb280000)
  to   space 4096K, 0% used [0x00000000eae00000,0x00000000eae00000,0x00000000eb200000)
 ParOldGen       total 113152K, used 104527K [0x00000000c0000000, 0x00000000c6e80000, 0x00000000eab00000)
  object space 113152K, 92% used [0x00000000c0000000,0x00000000c6613dd8,0x00000000c6e80000)
 Metaspace       used 73199K, committed 74176K, reserved 1122304K
  class space    used 7518K, committed 7936K, reserved 1048576K
}
Event: 2924.947 GC heap before
{Heap before GC invocations=991 (full 17):
 PSYoungGen      total 3584K, used 3552K [0x00000000eab00000, 0x00000000eb600000, 0x0000000100000000)
  eden space 3072K, 98% used [0x00000000eab00000,0x00000000eadf8350,0x00000000eae00000)
  from space 512K, 100% used [0x00000000eb200000,0x00000000eb280000,0x00000000eb280000)
  to   space 4096K, 0% used [0x00000000eae00000,0x00000000eae00000,0x00000000eb200000)
 ParOldGen       total 113152K, used 104527K [0x00000000c0000000, 0x00000000c6e80000, 0x00000000eab00000)
  object space 113152K, 92% used [0x00000000c0000000,0x00000000c6613dd8,0x00000000c6e80000)
 Metaspace       used 73199K, committed 74176K, reserved 1122304K
  class space    used 7518K, committed 7936K, reserved 1048576K
}
Event: 2924.949 GC heap after
{Heap after GC invocations=991 (full 17):
 PSYoungGen      total 4608K, used 1461K [0x00000000eab00000, 0x00000000eb300000, 0x0000000100000000)
  eden space 3072K, 0% used [0x00000000eab00000,0x00000000eab00000,0x00000000eae00000)
  from space 1536K, 95% used [0x00000000eae00000,0x00000000eaf6d610,0x00000000eaf80000)
  to   space 2560K, 0% used [0x00000000eb080000,0x00000000eb080000,0x00000000eb300000)
 ParOldGen       total 113152K, used 105087K [0x00000000c0000000, 0x00000000c6e80000, 0x00000000eab00000)
  object space 113152K, 92% used [0x00000000c0000000,0x00000000c669fdd8,0x00000000c6e80000)
 Metaspace       used 73199K, committed 74176K, reserved 1122304K
  class space    used 7518K, committed 7936K, reserved 1048576K
}
Event: 2925.233 GC heap before
{Heap before GC invocations=992 (full 17):
 PSYoungGen      total 4608K, used 4533K [0x00000000eab00000, 0x00000000eb300000, 0x0000000100000000)
  eden space 3072K, 100% used [0x00000000eab00000,0x00000000eae00000,0x00000000eae00000)
  from space 1536K, 95% used [0x00000000eae00000,0x00000000eaf6d610,0x00000000eaf80000)
  to   space 2560K, 0% used [0x00000000eb080000,0x00000000eb080000,0x00000000eb300000)
 ParOldGen       total 113152K, used 105087K [0x00000000c0000000, 0x00000000c6e80000, 0x00000000eab00000)
  object space 113152K, 92% used [0x00000000c0000000,0x00000000c669fdd8,0x00000000c6e80000)
 Metaspace       used 73201K, committed 74176K, reserved 1122304K
  class space    used 7518K, committed 7936K, reserved 1048576K
}
Event: 2925.235 GC heap after
{Heap after GC invocations=992 (full 17):
 PSYoungGen      total 4096K, used 576K [0x00000000eab00000, 0x00000000eb180000, 0x0000000100000000)
  eden space 3072K, 0% used [0x00000000eab00000,0x00000000eab00000,0x00000000eae00000)
  from space 1024K, 56% used [0x00000000eb080000,0x00000000eb110000,0x00000000eb180000)
  to   space 1024K, 0% used [0x00000000eaf80000,0x00000000eaf80000,0x00000000eb080000)
 ParOldGen       total 113152K, used 106177K [0x00000000c0000000, 0x00000000c6e80000, 0x00000000eab00000)
  object space 113152K, 93% used [0x00000000c0000000,0x00000000c67b07d8,0x00000000c6e80000)
 Metaspace       used 73201K, committed 74176K, reserved 1122304K
  class space    used 7518K, committed 7936K, reserved 1048576K
}
Event: 2925.240 GC heap before
{Heap before GC invocations=993 (full 17):
 PSYoungGen      total 4096K, used 3648K [0x00000000eab00000, 0x00000000eb180000, 0x0000000100000000)
  eden space 3072K, 100% used [0x00000000eab00000,0x00000000eae00000,0x00000000eae00000)
  from space 1024K, 56% used [0x00000000eb080000,0x00000000eb110000,0x00000000eb180000)
  to   space 1024K, 0% used [0x00000000eaf80000,0x00000000eaf80000,0x00000000eb080000)
 ParOldGen       total 113152K, used 106177K [0x00000000c0000000, 0x00000000c6e80000, 0x00000000eab00000)
  object space 113152K, 93% used [0x00000000c0000000,0x00000000c67b07d8,0x00000000c6e80000)
 Metaspace       used 73202K, committed 74176K, reserved 1122304K
  class space    used 7518K, committed 7936K, reserved 1048576K
}
Event: 2925.242 GC heap after
{Heap after GC invocations=993 (full 17):
 PSYoungGen      total 4096K, used 1007K [0x00000000eab00000, 0x00000000eb600000, 0x0000000100000000)
  eden space 3072K, 0% used [0x00000000eab00000,0x00000000eab00000,0x00000000eae00000)
  from space 1024K, 98% used [0x00000000eaf80000,0x00000000eb07bdd0,0x00000000eb080000)
  to   space 4096K, 0% used [0x00000000eb200000,0x00000000eb200000,0x00000000eb600000)
 ParOldGen       total 113152K, used 108548K [0x00000000c0000000, 0x00000000c6e80000, 0x00000000eab00000)
  object space 113152K, 95% used [0x00000000c0000000,0x00000000c6a010f8,0x00000000c6e80000)
 Metaspace       used 73202K, committed 74176K, reserved 1122304K
  class space    used 7518K, committed 7936K, reserved 1048576K
}
Event: 2925.246 GC heap before
{Heap before GC invocations=994 (full 17):
 PSYoungGen      total 4096K, used 4079K [0x00000000eab00000, 0x00000000eb600000, 0x0000000100000000)
  eden space 3072K, 100% used [0x00000000eab00000,0x00000000eae00000,0x00000000eae00000)
  from space 1024K, 98% used [0x00000000eaf80000,0x00000000eb07bdd0,0x00000000eb080000)
  to   space 4096K, 0% used [0x00000000eb200000,0x00000000eb200000,0x00000000eb600000)
 ParOldGen       total 113152K, used 108548K [0x00000000c0000000, 0x00000000c6e80000, 0x00000000eab00000)
  object space 113152K, 95% used [0x00000000c0000000,0x00000000c6a010f8,0x00000000c6e80000)
 Metaspace       used 73202K, committed 74176K, reserved 1122304K
  class space    used 7518K, committed 7936K, reserved 1048576K
}
Event: 2925.247 GC heap after
{Heap after GC invocations=994 (full 17):
 PSYoungGen      total 5120K, used 1888K [0x00000000eab00000, 0x00000000eb400000, 0x0000000100000000)
  eden space 3072K, 0% used [0x00000000eab00000,0x00000000eab00000,0x00000000eae00000)
  from space 2048K, 92% used [0x00000000eb200000,0x00000000eb3d8000,0x00000000eb400000)
  to   space 2560K, 0% used [0x00000000eaf00000,0x00000000eaf00000,0x00000000eb180000)
 ParOldGen       total 113152K, used 109587K [0x00000000c0000000, 0x00000000c6e80000, 0x00000000eab00000)
  object space 113152K, 96% used [0x00000000c0000000,0x00000000c6b04ec8,0x00000000c6e80000)
 Metaspace       used 73202K, committed 74176K, reserved 1122304K
  class space    used 7518K, committed 7936K, reserved 1048576K
}
Event: 2925.251 GC heap before
{Heap before GC invocations=995 (full 17):
 PSYoungGen      total 5120K, used 4960K [0x00000000eab00000, 0x00000000eb400000, 0x0000000100000000)
  eden space 3072K, 100% used [0x00000000eab00000,0x00000000eae00000,0x00000000eae00000)
  from space 2048K, 92% used [0x00000000eb200000,0x00000000eb3d8000,0x00000000eb400000)
  to   space 2560K, 0% used [0x00000000eaf00000,0x00000000eaf00000,0x00000000eb180000)
 ParOldGen       total 113152K, used 109587K [0x00000000c0000000, 0x00000000c6e80000, 0x00000000eab00000)
  object space 113152K, 96% used [0x00000000c0000000,0x00000000c6b04ec8,0x00000000c6e80000)
 Metaspace       used 73202K, committed 74176K, reserved 1122304K
  class space    used 7518K, committed 7936K, reserved 1048576K
}
Event: 2925.253 GC heap after
{Heap after GC invocations=995 (full 17):
 PSYoungGen      total 5120K, used 2031K [0x00000000eab00000, 0x00000000eb300000, 0x0000000100000000)
  eden space 3072K, 0% used [0x00000000eab00000,0x00000000eab00000,0x00000000eae00000)
  from space 2048K, 99% used [0x00000000eaf00000,0x00000000eb0fbdd0,0x00000000eb100000)
  to   space 2048K, 0% used [0x00000000eb100000,0x00000000eb100000,0x00000000eb300000)
 ParOldGen       total 113152K, used 110907K [0x00000000c0000000, 0x00000000c6e80000, 0x00000000eab00000)
  object space 113152K, 98% used [0x00000000c0000000,0x00000000c6c4eec8,0x00000000c6e80000)
 Metaspace       used 73202K, committed 74176K, reserved 1122304K
  class space    used 7518K, committed 7936K, reserved 1048576K
}
Event: 2925.444 GC heap before
{Heap before GC invocations=996 (full 17):
 PSYoungGen      total 5120K, used 5103K [0x00000000eab00000, 0x00000000eb300000, 0x0000000100000000)
  eden space 3072K, 100% used [0x00000000eab00000,0x00000000eae00000,0x00000000eae00000)
  from space 2048K, 99% used [0x00000000eaf00000,0x00000000eb0fbdd0,0x00000000eb100000)
  to   space 2048K, 0% used [0x00000000eb100000,0x00000000eb100000,0x00000000eb300000)
 ParOldGen       total 113152K, used 110907K [0x00000000c0000000, 0x00000000c6e80000, 0x00000000eab00000)
  object space 113152K, 98% used [0x00000000c0000000,0x00000000c6c4eec8,0x00000000c6e80000)
 Metaspace       used 73202K, committed 74176K, reserved 1122304K
  class space    used 7518K, committed 7936K, reserved 1048576K
}
Event: 2925.445 GC heap after
{Heap after GC invocations=996 (full 17):
 PSYoungGen      total 3584K, used 288K [0x00000000eab00000, 0x00000000eb180000, 0x0000000100000000)
  eden space 3072K, 0% used [0x00000000eab00000,0x00000000eab00000,0x00000000eae00000)
  from space 512K, 56% used [0x00000000eb100000,0x00000000eb148000,0x00000000eb180000)
  to   space 1024K, 0% used [0x00000000eaf80000,0x00000000eaf80000,0x00000000eb080000)
 ParOldGen       total 113152K, used 110931K [0x00000000c0000000, 0x00000000c6e80000, 0x00000000eab00000)
  object space 113152K, 98% used [0x00000000c0000000,0x00000000c6c54ec8,0x00000000c6e80000)
 Metaspace       used 73202K, committed 74176K, reserved 1122304K
  class space    used 7518K, committed 7936K, reserved 1048576K
}
Event: 2925.653 GC heap before
{Heap before GC invocations=997 (full 17):
 PSYoungGen      total 3584K, used 3360K [0x00000000eab00000, 0x00000000eb180000, 0x0000000100000000)
  eden space 3072K, 100% used [0x00000000eab00000,0x00000000eae00000,0x00000000eae00000)
  from space 512K, 56% used [0x00000000eb100000,0x00000000eb148000,0x00000000eb180000)
  to   space 1024K, 0% used [0x00000000eaf80000,0x00000000eaf80000,0x00000000eb080000)
 ParOldGen       total 113152K, used 110931K [0x00000000c0000000, 0x00000000c6e80000, 0x00000000eab00000)
  object space 113152K, 98% used [0x00000000c0000000,0x00000000c6c54ec8,0x00000000c6e80000)
 Metaspace       used 73207K, committed 74176K, reserved 1122304K
  class space    used 7518K, committed 7936K, reserved 1048576K
}
Event: 2925.655 GC heap after
{Heap after GC invocations=997 (full 17):
 PSYoungGen      total 4096K, used 999K [0x00000000eab00000, 0x00000000eb200000, 0x0000000100000000)
  eden space 3072K, 0% used [0x00000000eab00000,0x00000000eab00000,0x00000000eae00000)
  from space 1024K, 97% used [0x00000000eaf80000,0x00000000eb079ef8,0x00000000eb080000)
  to   space 1536K, 0% used [0x00000000eb080000,0x00000000eb080000,0x00000000eb200000)
 ParOldGen       total 113152K, used 111547K [0x00000000c0000000, 0x00000000c6e80000, 0x00000000eab00000)
  object space 113152K, 98% used [0x00000000c0000000,0x00000000c6ceedb0,0x00000000c6e80000)
 Metaspace       used 73207K, committed 74176K, reserved 1122304K
  class space    used 7518K, committed 7936K, reserved 1048576K
}
Event: 2925.664 GC heap before
{Heap before GC invocations=998 (full 17):
 PSYoungGen      total 4096K, used 4071K [0x00000000eab00000, 0x00000000eb200000, 0x0000000100000000)
  eden space 3072K, 100% used [0x00000000eab00000,0x00000000eae00000,0x00000000eae00000)
  from space 1024K, 97% used [0x00000000eaf80000,0x00000000eb079ef8,0x00000000eb080000)
  to   space 1536K, 0% used [0x00000000eb080000,0x00000000eb080000,0x00000000eb200000)
 ParOldGen       total 113152K, used 111547K [0x00000000c0000000, 0x00000000c6e80000, 0x00000000eab00000)
  object space 113152K, 98% used [0x00000000c0000000,0x00000000c6ceedb0,0x00000000c6e80000)
 Metaspace       used 73207K, committed 74176K, reserved 1122304K
  class space    used 7518K, committed 7936K, reserved 1048576K
}
Event: 2925.668 GC heap after
{Heap after GC invocations=998 (full 17):
 PSYoungGen      total 2560K, used 1536K [0x00000000eab00000, 0x00000000eb700000, 0x0000000100000000)
  eden space 1024K, 0% used [0x00000000eab00000,0x00000000eab00000,0x00000000eac00000)
  from space 1536K, 100% used [0x00000000eb080000,0x00000000eb200000,0x00000000eb200000)
  to   space 4608K, 0% used [0x00000000eac00000,0x00000000eac00000,0x00000000eb080000)
 ParOldGen       total 114176K, used 114021K [0x00000000c0000000, 0x00000000c6f80000, 0x00000000eab00000)
  object space 114176K, 99% used [0x00000000c0000000,0x00000000c6f595b8,0x00000000c6f80000)
 Metaspace       used 73207K, committed 74176K, reserved 1122304K
  class space    used 7518K, committed 7936K, reserved 1048576K
}
Event: 2925.668 GC heap before
{Heap before GC invocations=999 (full 18):
 PSYoungGen      total 2560K, used 1536K [0x00000000eab00000, 0x00000000eb700000, 0x0000000100000000)
  eden space 1024K, 0% used [0x00000000eab00000,0x00000000eab00000,0x00000000eac00000)
  from space 1536K, 100% used [0x00000000eb080000,0x00000000eb200000,0x00000000eb200000)
  to   space 4608K, 0% used [0x00000000eac00000,0x00000000eac00000,0x00000000eb080000)
 ParOldGen       total 114176K, used 114021K [0x00000000c0000000, 0x00000000c6f80000, 0x00000000eab00000)
  object space 114176K, 99% used [0x00000000c0000000,0x00000000c6f595b8,0x00000000c6f80000)
 Metaspace       used 73207K, committed 74176K, reserved 1122304K
  class space    used 7518K, committed 7936K, reserved 1048576K
}

